


ARM Macro Assembler    Page 1 


    1 00000000         ;/******************************************************
                       ***********************
    2 00000000         ; * @file:    startup_CMS32M55xx.s
    3 00000000         ; * @purpose: CMSIS Cortex-M0 Core Device Startup File f
                       or the 
    4 00000000         ; *           CMSARM CMS32M55xx Series 
    5 00000000         ; * @version: V1.0
    6 00000000         ; * @date     31-March-2015
    7 00000000         ; *
    8 00000000         ; * @note
    9 00000000         ; * Copyright (C) 2010-2011 ARM Limited. All rights rese
                       rved.
   10 00000000         ; *
   11 00000000         ; * @par
   12 00000000         ; * ARM Limited (ARM) is supplying this software for use
                        with Cortex-M 
   13 00000000         ; * processor based microcontrollers.  This file can be 
                       freely distributed 
   14 00000000         ; * within development tools that are supporting such AR
                       M based processors. 
   15 00000000         ; *
   16 00000000         ; * @par
   17 00000000         ; * THIS SOFTWARE IS PROVIDED "AS IS".  NO WARRANTIES, W
                       HETHER EXPRESS, IMPLIED
   18 00000000         ; * OR STATUTORY, INCLUDING, BUT NOT LIMITED TO, IMPLIED
                        WARRANTIES OF
   19 00000000         ; * MERCHANTABILITY AND FITNESS FOR A PARTICULAR PURPOSE
                        APPLY TO THIS SOFTWARE.
   20 00000000         ; * ARM SHALL NOT, IN ANY CIRCUMSTANCES, BE LIABLE FOR S
                       PECIAL, INCIDENTAL, OR
   21 00000000         ; * CONSEQUENTIAL DAMAGES, FOR ANY REASON WHATSOEVER.
   22 00000000         ; *
   23 00000000         ; ******************************************************
                       ************************/
   24 00000000         ;/*
   25 00000000         ;//-------- <<< Use Configuration Wizard in Context Menu
                        >>> ------------------
   26 00000000         ;*/
   27 00000000         
   28 00000000         
   29 00000000         ; <h> Stack Configuration
   30 00000000         ;   <o> Stack Size (in Bytes) <0x0-0xFFFFFFFF:8>
   31 00000000         ; </h>
   32 00000000         
   33 00000000 00000800 
                       Stack_Size
                               EQU              0x00000800
   34 00000000         
   35 00000000                 AREA             STACK, NOINIT, READWRITE, ALIGN
=3
   36 00000000         Stack_Mem
                               SPACE            Stack_Size
   37 00000800         __initial_sp
   38 00000800         
   39 00000800         
   40 00000800         ; <h> Heap Configuration
   41 00000800         ;   <o>  Heap Size (in Bytes) <0x0-0xFFFFFFFF:8>
   42 00000800         ; </h>
   43 00000800         



ARM Macro Assembler    Page 2 


   44 00000800 00000100 
                       Heap_Size
                               EQU              0x00000100
   45 00000800         
   46 00000800                 AREA             HEAP, NOINIT, READWRITE, ALIGN=
3
   47 00000000         __heap_base
   48 00000000         Heap_Mem
                               SPACE            Heap_Size
   49 00000100         __heap_limit
   50 00000100         
   51 00000100         
   52 00000100                 PRESERVE8
   53 00000100                 THUMB
   54 00000100         
   55 00000100         
   56 00000100         ; Vector Table Mapped to Address 0 at Reset
   57 00000100         
   58 00000100                 AREA             RESET, DATA, READONLY
   59 00000000                 EXPORT           __Vectors
   60 00000000         
   61 00000000 00000000 
                       __Vectors
                               DCD              __initial_sp ; Top of Stack
   62 00000004 00000000        DCD              Reset_Handler ; Reset Handler
   63 00000008 00000000        DCD              NMI_Handler ; NMI Handler
   64 0000000C 00000000        DCD              HardFault_Handler ; Hard Fault 
                                                            Handler
   65 00000010 00000000        DCD              0           ; Reserved
   66 00000014 00000000        DCD              0           ; Reserved
   67 00000018 00000000        DCD              0           ; Reserved
   68 0000001C 00000000        DCD              0           ; Reserved
   69 00000020 00000000        DCD              0           ; Reserved
   70 00000024 00000000        DCD              0           ; Reserved
   71 00000028 00000000        DCD              0           ; Reserved
   72 0000002C 00000000        DCD              SVC_Handler ; SVCall Handler
   73 00000030 00000000        DCD              0           ; Reserved
   74 00000034 00000000        DCD              0           ; Reserved
   75 00000038 00000000        DCD              PendSV_Handler ; PendSV Handler
                                                            
   76 0000003C 00000000        DCD              SysTick_Handler 
                                                            ; SysTick Handler
   77 00000040         
   78 00000040         ; External Interrupts
   79 00000040 00000000        DCD              GPIO0_IRQHandler ; GPIO P0 Inte
                                                            rrupt   ;0
   80 00000044 00000000        DCD              GPIO1_IRQHandler ; GPIO P1 Inte
                                                            rrupt   ;1
   81 00000048 00000000        DCD              GPIO2_IRQHandler ; GPIO P2 Inte
                                                            rrupt   ;2
   82 0000004C 00000000        DCD              GPIO3_IRQHandler ; GPIO P3 Inte
                                                            rrupt   ;3
   83 00000050 00000000        DCD              GPIO4_IRQHandler ; GPIO P4 Inte
                                                            rrupt   ;4
   84 00000054 00000000        DCD              Reserved_IRQHandler ; Reserved 
                                                                        ;5     
                                                            
   85 00000058 00000000        DCD              CCP_IRQHandler ; Capture/PWM   
                                                              ;6



ARM Macro Assembler    Page 3 


   86 0000005C 00000000        DCD              ADC0_IRQHandler ; A/D Converter
                                                                ;7
   87 00000060 00000000        DCD              Reserved_IRQHandler ; Reserved 
                                                                               
                                                            ;8
   88 00000064 00000000        DCD              WWDT_IRQHandler ; WWDT         
                                                                      ;9
   89 00000068 00000000        DCD              EPWM_IRQHandler ; EPWM         
                                                                     ;10
   90 0000006C 00000000        DCD              Reserved_IRQHandler ; Reserved 
                                                                             ;1
                                                            1
   91 00000070 00000000        DCD              ADC1_IRQHandler ; ADC1         
                                                                   ;12
   92 00000074 00000000        DCD              ACMP_IRQHandler ; ACMP         
                                                                     ;13
   93 00000078 00000000        DCD              Reserved_IRQHandler ; Reserved 
                                                                         ;14
   94 0000007C 00000000        DCD              UART0_IRQHandler ; UART0       
                                                                        ;15
   95 00000080 00000000        DCD              UART1_IRQHandler ; UART1       
                                                                       ;16
   96 00000084 00000000        DCD              Reserved_IRQHandler ; Reserved 
                                                                            ;17
                                                            
   97 00000088 00000000        DCD              Reserved_IRQHandler ; Reserved 
                                                                           ;18
   98 0000008C 00000000        DCD              TIMER0_IRQHandler ; Timer0     
                                                                           ;19
   99 00000090 00000000        DCD              TIMER1_IRQHandler ; Timer1     
                                                                       ;20
  100 00000094 00000000        DCD              Reserved_IRQHandler ; Reserved 
                                                                           ;21
  101 00000098 00000000        DCD              Reserved_IRQHandler ; Reserved 
                                                                            ;22
                                                            
  102 0000009C 00000000        DCD              WDT_IRQHandler ; Watchdog timer
                                                                      ;23
  103 000000A0 00000000        DCD              I2C0_IRQHandler ; I2C0         
                                                                        ;24
  104 000000A4 00000000        DCD              Reserved_IRQHandler ; Reserved 
                                                                          ;25
  105 000000A8 00000000        DCD              SSP0_IRQHandler ; SSP0         
                                                                         ;26
  106 000000AC 00000000        DCD              Reserved_IRQHandler ; Reserved 
                                                                            ;27
                                                            
  107 000000B0 00000000        DCD              Reserved_IRQHandler ; Reserved 
                                                                         ;28
  108 000000B4 00000000        DCD              Reserved_IRQHandler ; Reserved 
                                                                             ;2
                                                            9
  109 000000B8 00000000        DCD              Reserved_IRQHandler ; Reserved 
                                                                          ;30
  110 000000BC 00000000        DCD              SYS_CHK_IRQHandler ; SYS_CHK   
                                                                       ;31
  111 000000C0         
  112 000000C0         
  113 000000C0                 AREA             |.text|, CODE, READONLY



ARM Macro Assembler    Page 4 


  114 00000000         
  115 00000000         
  116 00000000         ; Reset Handler
  117 00000000         
  118 00000000         Reset_Handler
                               PROC
  119 00000000                 EXPORT           Reset_Handler             [WEAK
]
  120 00000000                 IMPORT           SystemInit
  121 00000000                 IMPORT           __main
  122 00000000         
  123 00000000 4805            LDR              R0, =SystemInit
  124 00000002 4780            BLX              R0
  125 00000004 4805            LDR              R0, =__main
  126 00000006 4700            BX               R0
  127 00000008                 ENDP
  128 00000008         
  129 00000008         
  130 00000008         ; Dummy Exception Handlers (infinite loops which can be 
                       modified)
  131 00000008         
  132 00000008         NMI_Handler
                               PROC
  133 00000008                 EXPORT           NMI_Handler               [WEAK
]
  134 00000008 E7FE            B                .
  135 0000000A                 ENDP
  137 0000000A         HardFault_Handler
                               PROC
  138 0000000A                 EXPORT           HardFault_Handler         [WEAK
]
  139 0000000A E7FE            B                .
  140 0000000C                 ENDP
  141 0000000C         SVC_Handler
                               PROC
  142 0000000C                 EXPORT           SVC_Handler               [WEAK
]
  143 0000000C E7FE            B                .
  144 0000000E                 ENDP
  145 0000000E         PendSV_Handler
                               PROC
  146 0000000E                 EXPORT           PendSV_Handler            [WEAK
]
  147 0000000E E7FE            B                .
  148 00000010                 ENDP
  149 00000010         SysTick_Handler
                               PROC
  150 00000010                 EXPORT           SysTick_Handler           [WEAK
]
  151 00000010 E7FE            B                .
  152 00000012                 ENDP
  153 00000012         Reserved_IRQHandler
                               PROC
  154 00000012                 EXPORT           Reserved_IRQHandler       [WEAK
]
  155 00000012 E7FE            B                .
  156 00000014                 ENDP
  157 00000014         
  158 00000014         



ARM Macro Assembler    Page 5 


  159 00000014         Default_Handler
                               PROC
  160 00000014                 EXPORT           GPIO0_IRQHandler          [WEAK
]
  161 00000014                 EXPORT           GPIO1_IRQHandler          [WEAK
]
  162 00000014                 EXPORT           GPIO2_IRQHandler          [WEAK
]
  163 00000014                 EXPORT           GPIO3_IRQHandler          [WEAK
]
  164 00000014                 EXPORT           GPIO4_IRQHandler          [WEAK
]
  165 00000014                 EXPORT           CCP_IRQHandler            [WEAK
]
  166 00000014                 EXPORT           ADC0_IRQHandler           [WEAK
]
  167 00000014                 EXPORT           WWDT_IRQHandler           [WEAK
]
  168 00000014                 EXPORT           EPWM_IRQHandler           [WEAK
]
  169 00000014                 EXPORT           ADC1_IRQHandler           [WEAK
]
  170 00000014                 EXPORT           ACMP_IRQHandler           [WEAK
]
  171 00000014                 EXPORT           UART0_IRQHandler          [WEAK
]
  172 00000014                 EXPORT           UART1_IRQHandler          [WEAK
]
  173 00000014                 EXPORT           TIMER0_IRQHandler         [WEAK
]
  174 00000014                 EXPORT           TIMER1_IRQHandler         [WEAK
]
  175 00000014                 EXPORT           WDT_IRQHandler            [WEAK
]
  176 00000014                 EXPORT           I2C0_IRQHandler           [WEAK
]
  177 00000014                 EXPORT           SSP0_IRQHandler           [WEAK
]
  178 00000014                 EXPORT           SYS_CHK_IRQHandler       [WEAK]
  179 00000014         GPIO0_IRQHandler
  180 00000014         GPIO1_IRQHandler
  181 00000014         GPIO2_IRQHandler
  182 00000014         GPIO3_IRQHandler
  183 00000014         GPIO4_IRQHandler
  184 00000014         CCP_IRQHandler
  185 00000014         ADC0_IRQHandler
  186 00000014         WWDT_IRQHandler
  187 00000014         EPWM_IRQHandler
  188 00000014         ADC1_IRQHandler
  189 00000014         ACMP_IRQHandler
  190 00000014         UART0_IRQHandler
  191 00000014         UART1_IRQHandler
  192 00000014         TIMER0_IRQHandler
  193 00000014         TIMER1_IRQHandler
  194 00000014         WDT_IRQHandler
  195 00000014         I2C0_IRQHandler
  196 00000014         SSP0_IRQHandler
  197 00000014         SYS_CHK_IRQHandler
  198 00000014         



ARM Macro Assembler    Page 6 


  199 00000014 E7FE            B                .
  200 00000016                 ENDP
  201 00000016         
  202 00000016         
  203 00000016 00 00           ALIGN
  204 00000018         
  205 00000018         
  206 00000018         ; User Initial Stack & Heap
  207 00000018         
  208 00000018                 IF               :DEF:__MICROLIB
  209 00000018         
  210 00000018                 EXPORT           __initial_sp
  211 00000018                 EXPORT           __heap_base
  212 00000018                 EXPORT           __heap_limit
  213 00000018         
  214 00000018                 ELSE
  228                          ENDIF
  229 00000018         
  230 00000018         
  231 00000018                 END
              00000000 
              00000000 
Command Line: --debug --xref --diag_suppress=9931 --cpu=Cortex-M0 --apcs=interw
ork --depend=.\objects\startup_cms32m55xx.d -o.\objects\startup_cms32m55xx.o -I
D:\Tool\MDK\Pack\Cmsemicon\CMS32-Series\1.1.0\Device\CMS32M55xx\Include --prede
fine="__MICROLIB SETA 1" --predefine="__UVISION_VERSION SETA 536" --predefine="
CMS32M55xx SETA 1" --list=.\listings\startup_cms32m55xx.lst ..\..\CODE\HAL\CORE
\Source\ARM\startup_CMS32M55xx.s



ARM Macro Assembler    Page 1 Alphabetic symbol ordering
Relocatable symbols

STACK 00000000

Symbol: STACK
   Definitions
      At line 35 in file ..\..\CODE\HAL\CORE\Source\ARM\startup_CMS32M55xx.s
   Uses
      None
Comment: STACK unused
Stack_Mem 00000000

Symbol: Stack_Mem
   Definitions
      At line 36 in file ..\..\CODE\HAL\CORE\Source\ARM\startup_CMS32M55xx.s
   Uses
      None
Comment: Stack_Mem unused
__initial_sp 00000800

Symbol: __initial_sp
   Definitions
      At line 37 in file ..\..\CODE\HAL\CORE\Source\ARM\startup_CMS32M55xx.s
   Uses
      At line 61 in file ..\..\CODE\HAL\CORE\Source\ARM\startup_CMS32M55xx.s
      At line 210 in file ..\..\CODE\HAL\CORE\Source\ARM\startup_CMS32M55xx.s

3 symbols



ARM Macro Assembler    Page 1 Alphabetic symbol ordering
Relocatable symbols

HEAP 00000000

Symbol: HEAP
   Definitions
      At line 46 in file ..\..\CODE\HAL\CORE\Source\ARM\startup_CMS32M55xx.s
   Uses
      None
Comment: HEAP unused
Heap_Mem 00000000

Symbol: Heap_Mem
   Definitions
      At line 48 in file ..\..\CODE\HAL\CORE\Source\ARM\startup_CMS32M55xx.s
   Uses
      None
Comment: Heap_Mem unused
__heap_base 00000000

Symbol: __heap_base
   Definitions
      At line 47 in file ..\..\CODE\HAL\CORE\Source\ARM\startup_CMS32M55xx.s
   Uses
      At line 211 in file ..\..\CODE\HAL\CORE\Source\ARM\startup_CMS32M55xx.s
Comment: __heap_base used once
__heap_limit 00000100

Symbol: __heap_limit
   Definitions
      At line 49 in file ..\..\CODE\HAL\CORE\Source\ARM\startup_CMS32M55xx.s
   Uses
      At line 212 in file ..\..\CODE\HAL\CORE\Source\ARM\startup_CMS32M55xx.s
Comment: __heap_limit used once
4 symbols



ARM Macro Assembler    Page 1 Alphabetic symbol ordering
Relocatable symbols

RESET 00000000

Symbol: RESET
   Definitions
      At line 58 in file ..\..\CODE\HAL\CORE\Source\ARM\startup_CMS32M55xx.s
   Uses
      None
Comment: RESET unused
__Vectors 00000000

Symbol: __Vectors
   Definitions
      At line 61 in file ..\..\CODE\HAL\CORE\Source\ARM\startup_CMS32M55xx.s
   Uses
      At line 59 in file ..\..\CODE\HAL\CORE\Source\ARM\startup_CMS32M55xx.s
Comment: __Vectors used once
2 symbols



ARM Macro Assembler    Page 1 Alphabetic symbol ordering
Relocatable symbols

.text 00000000

Symbol: .text
   Definitions
      At line 113 in file ..\..\CODE\HAL\CORE\Source\ARM\startup_CMS32M55xx.s
   Uses
      None
Comment: .text unused
ACMP_IRQHandler 00000014

Symbol: ACMP_IRQHandler
   Definitions
      At line 189 in file ..\..\CODE\HAL\CORE\Source\ARM\startup_CMS32M55xx.s
   Uses
      At line 92 in file ..\..\CODE\HAL\CORE\Source\ARM\startup_CMS32M55xx.s
      At line 170 in file ..\..\CODE\HAL\CORE\Source\ARM\startup_CMS32M55xx.s

ADC0_IRQHandler 00000014

Symbol: ADC0_IRQHandler
   Definitions
      At line 185 in file ..\..\CODE\HAL\CORE\Source\ARM\startup_CMS32M55xx.s
   Uses
      At line 86 in file ..\..\CODE\HAL\CORE\Source\ARM\startup_CMS32M55xx.s
      At line 166 in file ..\..\CODE\HAL\CORE\Source\ARM\startup_CMS32M55xx.s

ADC1_IRQHandler 00000014

Symbol: ADC1_IRQHandler
   Definitions
      At line 188 in file ..\..\CODE\HAL\CORE\Source\ARM\startup_CMS32M55xx.s
   Uses
      At line 91 in file ..\..\CODE\HAL\CORE\Source\ARM\startup_CMS32M55xx.s
      At line 169 in file ..\..\CODE\HAL\CORE\Source\ARM\startup_CMS32M55xx.s

CCP_IRQHandler 00000014

Symbol: CCP_IRQHandler
   Definitions
      At line 184 in file ..\..\CODE\HAL\CORE\Source\ARM\startup_CMS32M55xx.s
   Uses
      At line 85 in file ..\..\CODE\HAL\CORE\Source\ARM\startup_CMS32M55xx.s
      At line 165 in file ..\..\CODE\HAL\CORE\Source\ARM\startup_CMS32M55xx.s

Default_Handler 00000014

Symbol: Default_Handler
   Definitions
      At line 159 in file ..\..\CODE\HAL\CORE\Source\ARM\startup_CMS32M55xx.s
   Uses
      None
Comment: Default_Handler unused
EPWM_IRQHandler 00000014

Symbol: EPWM_IRQHandler
   Definitions
      At line 187 in file ..\..\CODE\HAL\CORE\Source\ARM\startup_CMS32M55xx.s
   Uses
      At line 89 in file ..\..\CODE\HAL\CORE\Source\ARM\startup_CMS32M55xx.s



ARM Macro Assembler    Page 2 Alphabetic symbol ordering
Relocatable symbols

      At line 168 in file ..\..\CODE\HAL\CORE\Source\ARM\startup_CMS32M55xx.s

GPIO0_IRQHandler 00000014

Symbol: GPIO0_IRQHandler
   Definitions
      At line 179 in file ..\..\CODE\HAL\CORE\Source\ARM\startup_CMS32M55xx.s
   Uses
      At line 79 in file ..\..\CODE\HAL\CORE\Source\ARM\startup_CMS32M55xx.s
      At line 160 in file ..\..\CODE\HAL\CORE\Source\ARM\startup_CMS32M55xx.s

GPIO1_IRQHandler 00000014

Symbol: GPIO1_IRQHandler
   Definitions
      At line 180 in file ..\..\CODE\HAL\CORE\Source\ARM\startup_CMS32M55xx.s
   Uses
      At line 80 in file ..\..\CODE\HAL\CORE\Source\ARM\startup_CMS32M55xx.s
      At line 161 in file ..\..\CODE\HAL\CORE\Source\ARM\startup_CMS32M55xx.s

GPIO2_IRQHandler 00000014

Symbol: GPIO2_IRQHandler
   Definitions
      At line 181 in file ..\..\CODE\HAL\CORE\Source\ARM\startup_CMS32M55xx.s
   Uses
      At line 81 in file ..\..\CODE\HAL\CORE\Source\ARM\startup_CMS32M55xx.s
      At line 162 in file ..\..\CODE\HAL\CORE\Source\ARM\startup_CMS32M55xx.s

GPIO3_IRQHandler 00000014

Symbol: GPIO3_IRQHandler
   Definitions
      At line 182 in file ..\..\CODE\HAL\CORE\Source\ARM\startup_CMS32M55xx.s
   Uses
      At line 82 in file ..\..\CODE\HAL\CORE\Source\ARM\startup_CMS32M55xx.s
      At line 163 in file ..\..\CODE\HAL\CORE\Source\ARM\startup_CMS32M55xx.s

GPIO4_IRQHandler 00000014

Symbol: GPIO4_IRQHandler
   Definitions
      At line 183 in file ..\..\CODE\HAL\CORE\Source\ARM\startup_CMS32M55xx.s
   Uses
      At line 83 in file ..\..\CODE\HAL\CORE\Source\ARM\startup_CMS32M55xx.s
      At line 164 in file ..\..\CODE\HAL\CORE\Source\ARM\startup_CMS32M55xx.s

HardFault_Handler 0000000A

Symbol: HardFault_Handler
   Definitions
      At line 137 in file ..\..\CODE\HAL\CORE\Source\ARM\startup_CMS32M55xx.s
   Uses
      At line 64 in file ..\..\CODE\HAL\CORE\Source\ARM\startup_CMS32M55xx.s
      At line 138 in file ..\..\CODE\HAL\CORE\Source\ARM\startup_CMS32M55xx.s

I2C0_IRQHandler 00000014

Symbol: I2C0_IRQHandler



ARM Macro Assembler    Page 3 Alphabetic symbol ordering
Relocatable symbols

   Definitions
      At line 195 in file ..\..\CODE\HAL\CORE\Source\ARM\startup_CMS32M55xx.s
   Uses
      At line 103 in file ..\..\CODE\HAL\CORE\Source\ARM\startup_CMS32M55xx.s
      At line 176 in file ..\..\CODE\HAL\CORE\Source\ARM\startup_CMS32M55xx.s

NMI_Handler 00000008

Symbol: NMI_Handler
   Definitions
      At line 132 in file ..\..\CODE\HAL\CORE\Source\ARM\startup_CMS32M55xx.s
   Uses
      At line 63 in file ..\..\CODE\HAL\CORE\Source\ARM\startup_CMS32M55xx.s
      At line 133 in file ..\..\CODE\HAL\CORE\Source\ARM\startup_CMS32M55xx.s

PendSV_Handler 0000000E

Symbol: PendSV_Handler
   Definitions
      At line 145 in file ..\..\CODE\HAL\CORE\Source\ARM\startup_CMS32M55xx.s
   Uses
      At line 75 in file ..\..\CODE\HAL\CORE\Source\ARM\startup_CMS32M55xx.s
      At line 146 in file ..\..\CODE\HAL\CORE\Source\ARM\startup_CMS32M55xx.s

Reserved_IRQHandler 00000012

Symbol: Reserved_IRQHandler
   Definitions
      At line 153 in file ..\..\CODE\HAL\CORE\Source\ARM\startup_CMS32M55xx.s
   Uses
      At line 84 in file ..\..\CODE\HAL\CORE\Source\ARM\startup_CMS32M55xx.s
      At line 87 in file ..\..\CODE\HAL\CORE\Source\ARM\startup_CMS32M55xx.s
      At line 90 in file ..\..\CODE\HAL\CORE\Source\ARM\startup_CMS32M55xx.s
      At line 93 in file ..\..\CODE\HAL\CORE\Source\ARM\startup_CMS32M55xx.s
      At line 96 in file ..\..\CODE\HAL\CORE\Source\ARM\startup_CMS32M55xx.s
      At line 97 in file ..\..\CODE\HAL\CORE\Source\ARM\startup_CMS32M55xx.s
      At line 100 in file ..\..\CODE\HAL\CORE\Source\ARM\startup_CMS32M55xx.s
      At line 101 in file ..\..\CODE\HAL\CORE\Source\ARM\startup_CMS32M55xx.s
      At line 104 in file ..\..\CODE\HAL\CORE\Source\ARM\startup_CMS32M55xx.s
      At line 106 in file ..\..\CODE\HAL\CORE\Source\ARM\startup_CMS32M55xx.s
      At line 107 in file ..\..\CODE\HAL\CORE\Source\ARM\startup_CMS32M55xx.s
      At line 108 in file ..\..\CODE\HAL\CORE\Source\ARM\startup_CMS32M55xx.s
      At line 109 in file ..\..\CODE\HAL\CORE\Source\ARM\startup_CMS32M55xx.s
      At line 154 in file ..\..\CODE\HAL\CORE\Source\ARM\startup_CMS32M55xx.s

Reset_Handler 00000000

Symbol: Reset_Handler
   Definitions
      At line 118 in file ..\..\CODE\HAL\CORE\Source\ARM\startup_CMS32M55xx.s
   Uses
      At line 62 in file ..\..\CODE\HAL\CORE\Source\ARM\startup_CMS32M55xx.s
      At line 119 in file ..\..\CODE\HAL\CORE\Source\ARM\startup_CMS32M55xx.s

SSP0_IRQHandler 00000014

Symbol: SSP0_IRQHandler
   Definitions
      At line 196 in file ..\..\CODE\HAL\CORE\Source\ARM\startup_CMS32M55xx.s



ARM Macro Assembler    Page 4 Alphabetic symbol ordering
Relocatable symbols

   Uses
      At line 105 in file ..\..\CODE\HAL\CORE\Source\ARM\startup_CMS32M55xx.s
      At line 177 in file ..\..\CODE\HAL\CORE\Source\ARM\startup_CMS32M55xx.s

SVC_Handler 0000000C

Symbol: SVC_Handler
   Definitions
      At line 141 in file ..\..\CODE\HAL\CORE\Source\ARM\startup_CMS32M55xx.s
   Uses
      At line 72 in file ..\..\CODE\HAL\CORE\Source\ARM\startup_CMS32M55xx.s
      At line 142 in file ..\..\CODE\HAL\CORE\Source\ARM\startup_CMS32M55xx.s

SYS_CHK_IRQHandler 00000014

Symbol: SYS_CHK_IRQHandler
   Definitions
      At line 197 in file ..\..\CODE\HAL\CORE\Source\ARM\startup_CMS32M55xx.s
   Uses
      At line 110 in file ..\..\CODE\HAL\CORE\Source\ARM\startup_CMS32M55xx.s
      At line 178 in file ..\..\CODE\HAL\CORE\Source\ARM\startup_CMS32M55xx.s

SysTick_Handler 00000010

Symbol: SysTick_Handler
   Definitions
      At line 149 in file ..\..\CODE\HAL\CORE\Source\ARM\startup_CMS32M55xx.s
   Uses
      At line 76 in file ..\..\CODE\HAL\CORE\Source\ARM\startup_CMS32M55xx.s
      At line 150 in file ..\..\CODE\HAL\CORE\Source\ARM\startup_CMS32M55xx.s

TIMER0_IRQHandler 00000014

Symbol: TIMER0_IRQHandler
   Definitions
      At line 192 in file ..\..\CODE\HAL\CORE\Source\ARM\startup_CMS32M55xx.s
   Uses
      At line 98 in file ..\..\CODE\HAL\CORE\Source\ARM\startup_CMS32M55xx.s
      At line 173 in file ..\..\CODE\HAL\CORE\Source\ARM\startup_CMS32M55xx.s

TIMER1_IRQHandler 00000014

Symbol: TIMER1_IRQHandler
   Definitions
      At line 193 in file ..\..\CODE\HAL\CORE\Source\ARM\startup_CMS32M55xx.s
   Uses
      At line 99 in file ..\..\CODE\HAL\CORE\Source\ARM\startup_CMS32M55xx.s
      At line 174 in file ..\..\CODE\HAL\CORE\Source\ARM\startup_CMS32M55xx.s

UART0_IRQHandler 00000014

Symbol: UART0_IRQHandler
   Definitions
      At line 190 in file ..\..\CODE\HAL\CORE\Source\ARM\startup_CMS32M55xx.s
   Uses
      At line 94 in file ..\..\CODE\HAL\CORE\Source\ARM\startup_CMS32M55xx.s
      At line 171 in file ..\..\CODE\HAL\CORE\Source\ARM\startup_CMS32M55xx.s

UART1_IRQHandler 00000014



ARM Macro Assembler    Page 5 Alphabetic symbol ordering
Relocatable symbols


Symbol: UART1_IRQHandler
   Definitions
      At line 191 in file ..\..\CODE\HAL\CORE\Source\ARM\startup_CMS32M55xx.s
   Uses
      At line 95 in file ..\..\CODE\HAL\CORE\Source\ARM\startup_CMS32M55xx.s
      At line 172 in file ..\..\CODE\HAL\CORE\Source\ARM\startup_CMS32M55xx.s

WDT_IRQHandler 00000014

Symbol: WDT_IRQHandler
   Definitions
      At line 194 in file ..\..\CODE\HAL\CORE\Source\ARM\startup_CMS32M55xx.s
   Uses
      At line 102 in file ..\..\CODE\HAL\CORE\Source\ARM\startup_CMS32M55xx.s
      At line 175 in file ..\..\CODE\HAL\CORE\Source\ARM\startup_CMS32M55xx.s

WWDT_IRQHandler 00000014

Symbol: WWDT_IRQHandler
   Definitions
      At line 186 in file ..\..\CODE\HAL\CORE\Source\ARM\startup_CMS32M55xx.s
   Uses
      At line 88 in file ..\..\CODE\HAL\CORE\Source\ARM\startup_CMS32M55xx.s
      At line 167 in file ..\..\CODE\HAL\CORE\Source\ARM\startup_CMS32M55xx.s

28 symbols



ARM Macro Assembler    Page 1 Alphabetic symbol ordering
Absolute symbols

Heap_Size 00000100

Symbol: Heap_Size
   Definitions
      At line 44 in file ..\..\CODE\HAL\CORE\Source\ARM\startup_CMS32M55xx.s
   Uses
      At line 48 in file ..\..\CODE\HAL\CORE\Source\ARM\startup_CMS32M55xx.s
Comment: Heap_Size used once
Stack_Size 00000800

Symbol: Stack_Size
   Definitions
      At line 33 in file ..\..\CODE\HAL\CORE\Source\ARM\startup_CMS32M55xx.s
   Uses
      At line 36 in file ..\..\CODE\HAL\CORE\Source\ARM\startup_CMS32M55xx.s
Comment: Stack_Size used once
2 symbols



ARM Macro Assembler    Page 1 Alphabetic symbol ordering
External symbols

SystemInit 00000000

Symbol: SystemInit
   Definitions
      At line 120 in file ..\..\CODE\HAL\CORE\Source\ARM\startup_CMS32M55xx.s
   Uses
      At line 123 in file ..\..\CODE\HAL\CORE\Source\ARM\startup_CMS32M55xx.s
Comment: SystemInit used once
__main 00000000

Symbol: __main
   Definitions
      At line 121 in file ..\..\CODE\HAL\CORE\Source\ARM\startup_CMS32M55xx.s
   Uses
      At line 125 in file ..\..\CODE\HAL\CORE\Source\ARM\startup_CMS32M55xx.s
Comment: __main used once
2 symbols
376 symbols in table
